<?xml version="1.0" encoding="UTF-8"?>
<testsuite xmlns:xsi="http://www.w3.org/2001/XMLSchema-instance" xsi:noNamespaceSchemaLocation="https://maven.apache.org/surefire/maven-surefire-plugin/xsd/surefire-test-report.xsd" name="com.example.calculator.CalculatorTest" time="0.007" tests="4" errors="0" skipped="0" failures="0">
  <properties>
[...]
</properties>
  <testcase name="com.example.calculator.CalculatorTest.testAdd" classname="com.example.calculator.CalculatorTest" time="0.001"/>
  <testcase name="com.example.calculator.CalculatorTest.testDivide" classname="com.example.calculator.CalculatorTest" time="0"/>
  <testcase name="com.example.calculator.CalculatorTest.testSubtract" classname="com.example.calculator.CalculatorTest" time="0"/>
  <testcase name="com.example.calculator.CalculatorTest.testMultiply" classname="com.example.calculator.CalculatorTest" time="0"/>
</testsuite>